<?xml version="1.0" encoding="UTF-8"?>
<testsuite name="org.cakk.property.action.ConvertPropertiesToYamlActionTest" tests="7" skipped="0" failures="0" errors="0" timestamp="2026-03-19T02:17:36" hostname="LAPTOP-OO49UQLG" time="0.711">
  <properties/>
  <testcase name="testGenerateYaml()" classname="org.cakk.property.action.ConvertPropertiesToYamlActionTest" time="0.035"/>
  <testcase name="testLoadProperties()" classname="org.cakk.property.action.ConvertPropertiesToYamlActionTest" time="0.658"/>
  <testcase name="testInsertNestedKey()" classname="org.cakk.property.action.ConvertPropertiesToYamlActionTest" time="0.002"/>
  <testcase name="testInsertSimpleKey()" classname="org.cakk.property.action.ConvertPropertiesToYamlActionTest" time="0.001"/>
  <testcase name="testInsertListMultipleIndexes()" classname="org.cakk.property.action.ConvertPropertiesToYamlActionTest" time="0.001"/>
  <testcase name="testInsertListIndex()" classname="org.cakk.property.action.ConvertPropertiesToYamlActionTest" time="0.001"/>
  <testcase name="testCollectPropertiesFiles()" classname="org.cakk.property.action.ConvertPropertiesToYamlActionTest" time="0.004"/>
  <system-out><![CDATA[]]></system-out>
  <system-err><![CDATA[Configuration file for j.u.l.LogManager does not exist: C:\Users\coolp\.gradle\caches\modules-2\files-2.1\com.jetbrains.intellij.idea\ideaIC\2023.3\6105b81c6142f62379ad6c5afb542c77350a71eb\ideaIC-2023.3\test-log.properties
]]></system-err>
</testsuite>
