<?xml version="1.0" encoding="UTF-8"?>
<testsuite name="org.cakk.property.action.MergePropertiesActionTest" tests="6" skipped="0" failures="0" errors="0" timestamp="2026-03-19T02:17:37" hostname="LAPTOP-OO49UQLG" time="0.031">
  <properties/>
  <testcase name="testLoadProperties()" classname="org.cakk.property.action.MergePropertiesActionTest" time="0.001"/>
  <testcase name="testGetOrCreate_createNew()" classname="org.cakk.property.action.MergePropertiesActionTest" time="0.012"/>
  <testcase name="testGetOrCreate_existing()" classname="org.cakk.property.action.MergePropertiesActionTest" time="0.002"/>
  <testcase name="testWriteProperties_sorted()" classname="org.cakk.property.action.MergePropertiesActionTest" time="0.006"/>
  <testcase name="testFindPropertiesFiles_recursive()" classname="org.cakk.property.action.MergePropertiesActionTest" time="0.004"/>
  <testcase name="testCommonPropertiesExtraction()" classname="org.cakk.property.action.MergePropertiesActionTest" time="0.002"/>
  <system-out><![CDATA[]]></system-out>
  <system-err><![CDATA[]]></system-err>
</testsuite>
